<?xml version="1.0" encoding="UTF-8"?>
<!-- Generated by org.testng.reporters.JUnitXMLReporter -->
<testsuite ignored="0" hostname="satyam" failures="3" tests="5" name="ChromeTests" time="33.457" errors="0" timestamp="2025-09-23T21:33:14 IST">
  <testcase classname="com.btechnotes.Page.Test.HomepageTest" name="testBrowseNotes" time="1.002"/>
  <testcase classname="com.btechnotes.Page.Test.HomepageTest" name="testFooterHome" time="1.309">
    <failure type="org.openqa.selenium.ElementClickInterceptedException" message="element click intercepted: Element is not clickable at point (498, 2852)
  (Session info: chrome=140.0.7339.129)
Build info: version: &amp;apos;4.15.0&amp;apos;, revision: &amp;apos;1d14b5521b&amp;apos;
System info: os.name: &amp;apos;Windows 11&amp;apos;, os.arch: &amp;apos;amd64&amp;apos;, os.version: &amp;apos;10.0&amp;apos;, java.version: &amp;apos;22.0.2&amp;apos;
Driver info: org.openqa.selenium.chrome.ChromeDriver
Command: [576be5c73a87d5473d32da2347c39cea, clickElement {id=f.7C8A63AE959CEB9E268E862FD62C9EAB.d.90F42E198C5C375772BEFC677AA8AE33.e.21}]
Capabilities {acceptInsecureCerts: false, browserName: chrome, browserVersion: 140.0.7339.129, chrome: {chromedriverVersion: 140.0.7339.185 (eeea00e459e..., userDataDir: C:\Users\acer\AppData\Local...}, fedcm:accounts: true, goog:chromeOptions: {debuggerAddress: localhost:63756}, networkConnectionEnabled: false, pageLoadStrategy: normal, platformName: windows, proxy: Proxy(), se:cdp: ws://localhost:63756/devtoo..., se:cdpVersion: 140.0.7339.129, setWindowRect: true, strictFileInteractability: false, timeouts: {implicit: 0, pageLoad: 300000, script: 30000}, unhandledPromptBehavior: dismiss and notify, webauthn:extension:credBlob: true, webauthn:extension:largeBlob: true, webauthn:extension:minPinLength: true, webauthn:extension:prf: true, webauthn:virtualAuthenticators: true}
Element: [[ChromeDriver: chrome on windows (576be5c73a87d5473d32da2347c39cea)] -&amp;gt; xpath: //ul[@class=&amp;apos;footer-links&amp;apos;]//li//a[@href=&amp;apos;index.html&amp;apos;][normalize-space()=&amp;apos;Home&amp;apos;]]
Session ID: 576be5c73a87d5473d32da2347c39cea">
      <![CDATA[org.openqa.selenium.ElementClickInterceptedException: element click intercepted: Element is not clickable at point (498, 2852)
  (Session info: chrome=140.0.7339.129)
Build info: version: '4.15.0', revision: '1d14b5521b'
System info: os.name: 'Windows 11', os.arch: 'amd64', os.version: '10.0', java.version: '22.0.2'
Driver info: org.openqa.selenium.chrome.ChromeDriver
Command: [576be5c73a87d5473d32da2347c39cea, clickElement {id=f.7C8A63AE959CEB9E268E862FD62C9EAB.d.90F42E198C5C375772BEFC677AA8AE33.e.21}]
Capabilities {acceptInsecureCerts: false, browserName: chrome, browserVersion: 140.0.7339.129, chrome: {chromedriverVersion: 140.0.7339.185 (eeea00e459e..., userDataDir: C:\Users\acer\AppData\Local...}, fedcm:accounts: true, goog:chromeOptions: {debuggerAddress: localhost:63756}, networkConnectionEnabled: false, pageLoadStrategy: normal, platformName: windows, proxy: Proxy(), se:cdp: ws://localhost:63756/devtoo..., se:cdpVersion: 140.0.7339.129, setWindowRect: true, strictFileInteractability: false, timeouts: {implicit: 0, pageLoad: 300000, script: 30000}, unhandledPromptBehavior: dismiss and notify, webauthn:extension:credBlob: true, webauthn:extension:largeBlob: true, webauthn:extension:minPinLength: true, webauthn:extension:prf: true, webauthn:virtualAuthenticators: true}
Element: [[ChromeDriver: chrome on windows (576be5c73a87d5473d32da2347c39cea)] -> xpath: //ul[@class='footer-links']//li//a[@href='index.html'][normalize-space()='Home']]
Session ID: 576be5c73a87d5473d32da2347c39cea
at org.openqa.selenium.remote.codec.w3c.W3CHttpResponseCodec.createException(W3CHttpResponseCodec.java:200)
at org.openqa.selenium.remote.codec.w3c.W3CHttpResponseCodec.decode(W3CHttpResponseCodec.java:133)
at org.openqa.selenium.remote.codec.w3c.W3CHttpResponseCodec.decode(W3CHttpResponseCodec.java:52)
at org.openqa.selenium.remote.HttpCommandExecutor.execute(HttpCommandExecutor.java:191)
at org.openqa.selenium.remote.service.DriverCommandExecutor.invokeExecute(DriverCommandExecutor.java:200)
at org.openqa.selenium.remote.service.DriverCommandExecutor.execute(DriverCommandExecutor.java:175)
at org.openqa.selenium.remote.RemoteWebDriver.execute(RemoteWebDriver.java:607)
at org.openqa.selenium.remote.RemoteWebElement.execute(RemoteWebElement.java:224)
at org.openqa.selenium.remote.RemoteWebElement.click(RemoteWebElement.java:77)
at com.btechnotes.pages.HomesPage.FooterHome(HomesPage.java:53)
at com.btechnotes.Page.Test.HomepageTest.testFooterHome(HomepageTest.java:52)
at java.base/java.util.ArrayList.forEach(ArrayList.java:1597)
at java.base/java.util.concurrent.FutureTask.run(FutureTask.java:317)
at java.base/java.util.concurrent.ThreadPoolExecutor.runWorker(ThreadPoolExecutor.java:1144)
at java.base/java.util.concurrent.ThreadPoolExecutor$Worker.run(ThreadPoolExecutor.java:642)
at java.base/java.lang.Thread.run(Thread.java:1570)
... Removed 18 stack frames]]>
    </failure>
  </testcase> <!-- testFooterHome -->
  <testcase classname="com.btechnotes.Page.Test.HomepageTest" name="testLearnMore" time="0.369">
    <failure type="java.lang.AssertionError" message="Learn More page content not displayed! expected [true] but found [false]">
      <![CDATA[java.lang.AssertionError: Learn More page content not displayed! expected [true] but found [false]
at com.btechnotes.Page.Test.HomepageTest.testLearnMore(HomepageTest.java:37)
at java.base/java.util.ArrayList.forEach(ArrayList.java:1597)
at java.base/java.util.concurrent.FutureTask.run(FutureTask.java:317)
at java.base/java.util.concurrent.ThreadPoolExecutor.runWorker(ThreadPoolExecutor.java:1144)
at java.base/java.util.concurrent.ThreadPoolExecutor$Worker.run(ThreadPoolExecutor.java:642)
at java.base/java.lang.Thread.run(Thread.java:1570)
... Removed 18 stack frames]]>
    </failure>
  </testcase> <!-- testLearnMore -->
  <testcase classname="com.btechnotes.Page.Test.HomepageTest" name="testStartBrowsingNote" time="1.218">
    <failure type="org.openqa.selenium.ElementClickInterceptedException" message="element click intercepted: Element is not clickable at point (760, 2714)
  (Session info: chrome=140.0.7339.129)
Build info: version: &amp;apos;4.15.0&amp;apos;, revision: &amp;apos;1d14b5521b&amp;apos;
System info: os.name: &amp;apos;Windows 11&amp;apos;, os.arch: &amp;apos;amd64&amp;apos;, os.version: &amp;apos;10.0&amp;apos;, java.version: &amp;apos;22.0.2&amp;apos;
Driver info: org.openqa.selenium.chrome.ChromeDriver
Command: [19e958a8a77af5af5d31cae7729f1550, clickElement {id=f.C21B6F3A04CEB1A025C5D25C04A15BCD.d.1EF73DA92687CDDCC2B5FDAFBBA00A0B.e.22}]
Capabilities {acceptInsecureCerts: false, browserName: chrome, browserVersion: 140.0.7339.129, chrome: {chromedriverVersion: 140.0.7339.185 (eeea00e459e..., userDataDir: C:\Users\acer\AppData\Local...}, fedcm:accounts: true, goog:chromeOptions: {debuggerAddress: localhost:63949}, networkConnectionEnabled: false, pageLoadStrategy: normal, platformName: windows, proxy: Proxy(), se:cdp: ws://localhost:63949/devtoo..., se:cdpVersion: 140.0.7339.129, setWindowRect: true, strictFileInteractability: false, timeouts: {implicit: 0, pageLoad: 300000, script: 30000}, unhandledPromptBehavior: dismiss and notify, webauthn:extension:credBlob: true, webauthn:extension:largeBlob: true, webauthn:extension:minPinLength: true, webauthn:extension:prf: true, webauthn:virtualAuthenticators: true}
Element: [[ChromeDriver: chrome on windows (19e958a8a77af5af5d31cae7729f1550)] -&amp;gt; xpath: //a[normalize-space()=&amp;apos;Start Browsing Notes&amp;apos;]]
Session ID: 19e958a8a77af5af5d31cae7729f1550">
      <![CDATA[org.openqa.selenium.ElementClickInterceptedException: element click intercepted: Element is not clickable at point (760, 2714)
  (Session info: chrome=140.0.7339.129)
Build info: version: '4.15.0', revision: '1d14b5521b'
System info: os.name: 'Windows 11', os.arch: 'amd64', os.version: '10.0', java.version: '22.0.2'
Driver info: org.openqa.selenium.chrome.ChromeDriver
Command: [19e958a8a77af5af5d31cae7729f1550, clickElement {id=f.C21B6F3A04CEB1A025C5D25C04A15BCD.d.1EF73DA92687CDDCC2B5FDAFBBA00A0B.e.22}]
Capabilities {acceptInsecureCerts: false, browserName: chrome, browserVersion: 140.0.7339.129, chrome: {chromedriverVersion: 140.0.7339.185 (eeea00e459e..., userDataDir: C:\Users\acer\AppData\Local...}, fedcm:accounts: true, goog:chromeOptions: {debuggerAddress: localhost:63949}, networkConnectionEnabled: false, pageLoadStrategy: normal, platformName: windows, proxy: Proxy(), se:cdp: ws://localhost:63949/devtoo..., se:cdpVersion: 140.0.7339.129, setWindowRect: true, strictFileInteractability: false, timeouts: {implicit: 0, pageLoad: 300000, script: 30000}, unhandledPromptBehavior: dismiss and notify, webauthn:extension:credBlob: true, webauthn:extension:largeBlob: true, webauthn:extension:minPinLength: true, webauthn:extension:prf: true, webauthn:virtualAuthenticators: true}
Element: [[ChromeDriver: chrome on windows (19e958a8a77af5af5d31cae7729f1550)] -> xpath: //a[normalize-space()='Start Browsing Notes']]
Session ID: 19e958a8a77af5af5d31cae7729f1550
at org.openqa.selenium.remote.codec.w3c.W3CHttpResponseCodec.createException(W3CHttpResponseCodec.java:200)
at org.openqa.selenium.remote.codec.w3c.W3CHttpResponseCodec.decode(W3CHttpResponseCodec.java:133)
at org.openqa.selenium.remote.codec.w3c.W3CHttpResponseCodec.decode(W3CHttpResponseCodec.java:52)
at org.openqa.selenium.remote.HttpCommandExecutor.execute(HttpCommandExecutor.java:191)
at org.openqa.selenium.remote.service.DriverCommandExecutor.invokeExecute(DriverCommandExecutor.java:200)
at org.openqa.selenium.remote.service.DriverCommandExecutor.execute(DriverCommandExecutor.java:175)
at org.openqa.selenium.remote.RemoteWebDriver.execute(RemoteWebDriver.java:607)
at org.openqa.selenium.remote.RemoteWebElement.execute(RemoteWebElement.java:224)
at org.openqa.selenium.remote.RemoteWebElement.click(RemoteWebElement.java:77)
at com.btechnotes.pages.HomesPage.StartBrowsingNote(HomesPage.java:44)
at com.btechnotes.Page.Test.HomepageTest.testStartBrowsingNote(HomepageTest.java:43)
at java.base/java.util.ArrayList.forEach(ArrayList.java:1597)
at java.base/java.util.concurrent.FutureTask.run(FutureTask.java:317)
at java.base/java.util.concurrent.ThreadPoolExecutor.runWorker(ThreadPoolExecutor.java:1144)
at java.base/java.util.concurrent.ThreadPoolExecutor$Worker.run(ThreadPoolExecutor.java:642)
at java.base/java.lang.Thread.run(Thread.java:1570)
... Removed 18 stack frames]]>
    </failure>
  </testcase> <!-- testStartBrowsingNote -->
  <testcase classname="com.btechnotes.Page.Test.HomepageTest" name="testHomePageTitle" time="0.036"/>
</testsuite> <!-- ChromeTests -->
